<?xml version="1.0" encoding="UTF-8"?>
<testsuite name="TestOperatorsOverloading" tests="3" skipped="0" failures="0" errors="0" timestamp="2021-01-10T20:21:35" hostname="ADMIN-PC" time="0.026">
  <properties/>
  <testcase name="testOneMonth" classname="TestOperatorsOverloading" time="0.016"/>
  <testcase name="testAddOneTimeInterval" classname="TestOperatorsOverloading" time="0.003"/>
  <testcase name="testMonthChange" classname="TestOperatorsOverloading" time="0.005"/>
  <system-out><![CDATA[]]></system-out>
  <system-err><![CDATA[]]></system-err>
</testsuite>
