<?xml version="1.0" encoding="UTF-8"?>
<testsuite name="TestInvoke" tests="2" skipped="0" failures="0" errors="0" timestamp="2021-01-10T20:23:53" hostname="ADMIN-PC" time="0.017">
  <properties/>
  <testcase name="testInvokeTwice" classname="TestInvoke" time="0.012"/>
  <testcase name="testNumberOfInvocations" classname="TestInvoke" time="0.004"/>
  <system-out><![CDATA[]]></system-out>
  <system-err><![CDATA[]]></system-err>
</testsuite>
