<?xml version="1.0" encoding="UTF-8"?>
<testsuite name="TestNullableTypes" tests="5" skipped="0" failures="0" errors="0" timestamp="2021-01-10T19:45:41" hostname="ADMIN-PC" time="0.018">
  <properties/>
  <testcase name="everythingIsOk" classname="TestNullableTypes" time="0.009"/>
  <testcase name="noClient" classname="TestNullableTypes" time="0.001"/>
  <testcase name="noMessage" classname="TestNullableTypes" time="0.002"/>
  <testcase name="noPersonalInfo" classname="TestNullableTypes" time="0.002"/>
  <testcase name="noEmail" classname="TestNullableTypes" time="0.002"/>
  <system-out><![CDATA[]]></system-out>
  <system-err><![CDATA[]]></system-err>
</testsuite>
