<?xml version="1.0" encoding="UTF-8"?>
<testsuite name="TestStart" tests="1" skipped="0" failures="0" errors="0" timestamp="2021-01-10T19:30:09" hostname="ADMIN-PC" time="0.009">
  <properties/>
  <testcase name="testOk" classname="TestStart" time="0.009"/>
  <system-out><![CDATA[]]></system-out>
  <system-err><![CDATA[]]></system-err>
</testsuite>
