<?xml version="1.0" encoding="UTF-8"?>
<testsuite name="TestDelegatesHowItWorks" tests="1" skipped="0" failures="0" errors="0" timestamp="2021-01-11T19:53:21" hostname="ADMIN-PC" time="0.025">
  <properties/>
  <testcase name="testDate" classname="TestDelegatesHowItWorks" time="0.025"/>
  <system-out><![CDATA[]]></system-out>
  <system-err><![CDATA[]]></system-err>
</testsuite>
