<?xml version="1.0" encoding="UTF-8"?>
<testsuite name="TestAllAnyAndOtherPredicates" tests="4" skipped="0" failures="0" errors="0" timestamp="2021-01-11T18:47:43" hostname="ADMIN-PC" time="0.071">
  <properties/>
  <testcase name="testAnyCustomerFromCity" classname="TestAllAnyAndOtherPredicates" time="0.058"/>
  <testcase name="testAnyCustomerIsFromCity" classname="TestAllAnyAndOtherPredicates" time="0.005"/>
  <testcase name="testCountCustomersFromCity" classname="TestAllAnyAndOtherPredicates" time="0.003"/>
  <testcase name="testAllCustomersAreFromCity" classname="TestAllAnyAndOtherPredicates" time="0.002"/>
  <system-out><![CDATA[]]></system-out>
  <system-err><![CDATA[]]></system-err>
</testsuite>
