<?xml version="1.0" encoding="UTF-8"?>
<testsuite name="TestSmartCasts" tests="3" skipped="0" failures="0" errors="0" timestamp="2021-01-10T19:52:36" hostname="ADMIN-PC" time="0.015">
  <properties/>
  <testcase name="testNum" classname="TestSmartCasts" time="0.008"/>
  <testcase name="testSum" classname="TestSmartCasts" time="0.002"/>
  <testcase name="testRecursion" classname="TestSmartCasts" time="0.003"/>
  <system-out><![CDATA[]]></system-out>
  <system-err><![CDATA[]]></system-err>
</testsuite>
