<?xml version="1.0" encoding="UTF-8"?>
<testsuite name="TestExtensionFunctions" tests="2" skipped="0" failures="0" errors="0" timestamp="2021-01-10T19:57:44" hostname="ADMIN-PC" time="0.009">
  <properties/>
  <testcase name="testPairExtension" classname="TestExtensionFunctions" time="0.008"/>
  <testcase name="testIntExtension" classname="TestExtensionFunctions" time="0.001"/>
  <system-out><![CDATA[]]></system-out>
  <system-err><![CDATA[]]></system-err>
</testsuite>
