<?xml version="1.0" encoding="UTF-8"?>
<testsuite name="TestComparison" tests="2" skipped="0" failures="0" errors="0" timestamp="2021-01-10T20:04:16" hostname="ADMIN-PC" time="0.01">
  <properties/>
  <testcase name="testAfter" classname="TestComparison" time="0.008"/>
  <testcase name="testBefore" classname="TestComparison" time="0.001"/>
  <system-out><![CDATA[]]></system-out>
  <system-err><![CDATA[]]></system-err>
</testsuite>
