<?xml version="1.0" encoding="UTF-8"?>
<testsuite name="TestLambdas" tests="2" skipped="0" failures="0" errors="0" timestamp="2021-01-10T19:49:58" hostname="ADMIN-PC" time="0.022">
  <properties/>
  <testcase name="contains" classname="TestLambdas" time="0.021"/>
  <testcase name="notContains" classname="TestLambdas" time="0.001"/>
  <system-out><![CDATA[]]></system-out>
  <system-err><![CDATA[]]></system-err>
</testsuite>
