<?xml version="1.0" encoding="UTF-8"?>
<testsuite name="TestBuildersHowItWorks" tests="1" skipped="0" failures="0" errors="0" timestamp="2021-01-11T20:25:00" hostname="ADMIN-PC" time="0.027">
  <properties/>
  <testcase name="testBuildersQuiz" classname="TestBuildersHowItWorks" time="0.027"/>
  <system-out><![CDATA[]]></system-out>
  <system-err><![CDATA[]]></system-err>
</testsuite>
