<?xml version="1.0" encoding="UTF-8"?>
<testsuite name="TestGroupBy" tests="1" skipped="0" failures="0" errors="0" timestamp="2021-01-11T18:59:31" hostname="ADMIN-PC" time="0.052">
  <properties/>
  <testcase name="testGroupCustomersByCity" classname="TestGroupBy" time="0.052"/>
  <system-out><![CDATA[]]></system-out>
  <system-err><![CDATA[]]></system-err>
</testsuite>
