<?xml version="1.0" encoding="UTF-8"?>
<testsuite name="TestForLoop" tests="2" skipped="0" failures="0" errors="0" timestamp="2021-01-10T20:10:21" hostname="ADMIN-PC" time="0.026">
  <properties/>
  <testcase name="testIterateOverDateRange" classname="TestForLoop" time="0.023"/>
  <testcase name="testIterateOverEmptyRange" classname="TestForLoop" time="0.002"/>
  <system-out><![CDATA[]]></system-out>
  <system-err><![CDATA[]]></system-err>
</testsuite>
