<?xml version="1.0" encoding="UTF-8"?>
<testsuite name="Test" tests="1" skipped="0" failures="0" errors="0" timestamp="2021-01-10T19:56:31" hostname="ADMIN-PC" time="0.053">
  <properties/>
  <testcase name="testRandom" classname="Test" time="0.053"/>
  <system-out><![CDATA[]]></system-out>
  <system-err><![CDATA[]]></system-err>
</testsuite>
