<?xml version="1.0" encoding="UTF-8"?>
<testsuite name="TestDelegatesExamples" tests="2" skipped="0" failures="0" errors="0" timestamp="2021-01-11T19:46:56" hostname="ADMIN-PC" time="0.023">
  <properties/>
  <testcase name="testLazy" classname="TestDelegatesExamples" time="0.021"/>
  <testcase name="initializedOnce" classname="TestDelegatesExamples" time="0.002"/>
  <system-out><![CDATA[]]></system-out>
  <system-err><![CDATA[]]></system-err>
</testsuite>
