<?xml version="1.0" encoding="UTF-8"?>
<testsuite name="HtmlDslTest" tests="3" skipped="0" failures="0" errors="0" timestamp="2021-01-11T20:30:17" hostname="ADMIN-PC" time="0.051">
  <properties/>
  <testcase name="testSample" classname="HtmlDslTest" time="0.036"/>
  <testcase name="testTable1" classname="HtmlDslTest" time="0.005"/>
  <testcase name="testTable2" classname="HtmlDslTest" time="0.009"/>
  <system-out><![CDATA[]]></system-out>
  <system-err><![CDATA[]]></system-err>
</testsuite>
