<?xml version="1.0" encoding="UTF-8"?>
<testsuite name="TestHtmlBuilders" tests="2" skipped="0" failures="0" errors="0" timestamp="2021-01-11T20:22:09" hostname="ADMIN-PC" time="0.052">
  <properties/>
  <testcase name="productTableIsColored" classname="TestHtmlBuilders" time="0.05"/>
  <testcase name="productTableIsFilled" classname="TestHtmlBuilders" time="0.002"/>
  <system-out><![CDATA[]]></system-out>
  <system-err><![CDATA[]]></system-err>
</testsuite>
