<?xml version="1.0" encoding="UTF-8"?>
<testsuite name="TestAssociate" tests="3" skipped="0" failures="0" errors="0" timestamp="2021-01-11T19:06:38" hostname="ADMIN-PC" time="0.056">
  <properties/>
  <testcase name="testAssociate" classname="TestAssociate" time="0.054"/>
  <testcase name="testAssociateBy" classname="TestAssociate" time="0.001"/>
  <testcase name="testAssociateWith" classname="TestAssociate" time="0.001"/>
  <system-out><![CDATA[]]></system-out>
  <system-err><![CDATA[]]></system-err>
</testsuite>
