<?xml version="1.0" encoding="UTF-8"?>
<testsuite name="TestSealedClasses" tests="3" skipped="0" failures="0" errors="0" timestamp="2021-01-10T19:55:28" hostname="ADMIN-PC" time="0.025">
  <properties/>
  <testcase name="testNum" classname="TestSealedClasses" time="0.011"/>
  <testcase name="testSum" classname="TestSealedClasses" time="0.003"/>
  <testcase name="testRecursion" classname="TestSealedClasses" time="0.01"/>
  <system-out><![CDATA[]]></system-out>
  <system-err><![CDATA[]]></system-err>
</testsuite>
